<?xml version="1.0" encoding="UTF-8"?>
<testng-results skipped="0" failed="0" ignored="0" total="2" passed="2">
  <reporter-output>
  </reporter-output>
  <suite name="gmail.com sanity Test" duration-ms="57114" started-at="2019-12-27T14:56:04 EST" finished-at="2019-12-27T14:57:02 EST">
    <groups>
    </groups>
    <test name="Digitalpoint sanity Test" duration-ms="57114" started-at="2019-12-27T14:56:04 EST" finished-at="2019-12-27T14:57:02 EST">
      <class name="com.gmail.testcase.LoginPageTest">
        <test-method status="PASS" signature="browserSetup()[pri:0, instance:com.gmail.testcase.LoginPageTest@71248c21]" name="browserSetup" is-config="true" duration-ms="18333" started-at="2019-12-27T14:56:05 EST" finished-at="2019-12-27T14:56:23 EST">
          <reporter-output>
          </reporter-output>
        </test-method> <!-- browserSetup -->
        <test-method status="PASS" signature="userlogin()[pri:0, instance:com.gmail.testcase.LoginPageTest@71248c21]" name="userlogin" duration-ms="20012" started-at="2019-12-27T14:56:23 EST" finished-at="2019-12-27T14:56:43 EST">
          <reporter-output>
          </reporter-output>
        </test-method> <!-- userlogin -->
        <test-method status="PASS" signature="tearDown()[pri:0, instance:com.gmail.testcase.LoginPageTest@71248c21]" name="tearDown" is-config="true" duration-ms="819" started-at="2019-12-27T14:56:43 EST" finished-at="2019-12-27T14:56:44 EST">
          <reporter-output>
          </reporter-output>
        </test-method> <!-- tearDown -->
        <test-method status="PASS" signature="browserSetup()[pri:0, instance:com.gmail.testcase.LoginPageTest@71248c21]" name="browserSetup" is-config="true" duration-ms="17193" started-at="2019-12-27T14:56:44 EST" finished-at="2019-12-27T14:57:01 EST">
          <reporter-output>
          </reporter-output>
        </test-method> <!-- browserSetup -->
        <test-method status="PASS" signature="verfyLoginPageTitle()[pri:0, instance:com.gmail.testcase.LoginPageTest@71248c21]" name="verfyLoginPageTitle" duration-ms="11" started-at="2019-12-27T14:57:01 EST" finished-at="2019-12-27T14:57:01 EST">
          <reporter-output>
          </reporter-output>
        </test-method> <!-- verfyLoginPageTitle -->
        <test-method status="PASS" signature="tearDown()[pri:0, instance:com.gmail.testcase.LoginPageTest@71248c21]" name="tearDown" is-config="true" duration-ms="666" started-at="2019-12-27T14:57:01 EST" finished-at="2019-12-27T14:57:02 EST">
          <reporter-output>
          </reporter-output>
        </test-method> <!-- tearDown -->
      </class> <!-- com.gmail.testcase.LoginPageTest -->
    </test> <!-- Digitalpoint sanity Test -->
  </suite> <!-- gmail.com sanity Test -->
</testng-results>
